<?xml version="1.0" encoding="UTF-8"?>
<!-- Generated by org.testng.reporters.JUnitReportReporter -->
<testsuite skipped="0" hostname="Sans" name="Pages_Test.MyProfilePage_Tests" tests="1" failures="0" timestamp="2021-10-31T01:55:09 IST" time="12.954" errors="0">
  <testcase name="validateMyProfilePage_ProfileLink_Add_URL_AddSite_Button_isEnabled_With_Valid_URL_Format_And_Description" time="12.954" classname="Pages_Test.MyProfilePage_Tests"/>
  <system-out/>
</testsuite> <!-- Pages_Test.MyProfilePage_Tests -->
