<?xml version="1.0" encoding="UTF-8"?>
<!-- Generated by org.testng.reporters.JUnitReportReporter -->
<testsuite skipped="0" hostname="Sans" name="Pages_Test.MyProfilePage_Tests" tests="36" failures="0" timestamp="2021-11-09T11:11:06 IST" time="516.762" errors="0">
  <testcase name="myProfile_SaveDetailsButton_with_Toggle" time="11.751" classname="Pages_Test.MyProfilePage_Tests"/>
  <system-out/>
  <testcase name="myProfile_ProfileLink_Add_WordPressSite_Functionality" time="13.281" classname="Pages_Test.MyProfilePage_Tests"/>
  <system-out/>
  <testcase name="myProfile_Links_GrAvatarLoginLink" time="14.685" classname="Pages_Test.MyProfilePage_Tests"/>
  <system-out/>
  <testcase name="myProfile_Components_ToggleButton_Selection" time="12.464" classname="Pages_Test.MyProfilePage_Tests"/>
  <system-out/>
  <testcase name="myProfilePage_Labels_DisplayName" time="11.184" classname="Pages_Test.MyProfilePage_Tests"/>
  <system-out/>
  <testcase name="myProfile_Links_GrAvatarProfileLink" time="14.051" classname="Pages_Test.MyProfilePage_Tests"/>
  <system-out/>
  <testcase name="myProfile_SaveDetailsButton_Functionality" time="13.228" classname="Pages_Test.MyProfilePage_Tests"/>
  <system-out/>
  <testcase name="myProfilePage_Labels_FirstName" time="11.259" classname="Pages_Test.MyProfilePage_Tests"/>
  <system-out/>
  <testcase name="myProfile_Description_Validation" time="14.934" classname="Pages_Test.MyProfilePage_Tests"/>
  <system-out/>
  <testcase name="myProfile_Gravatar_Profile_Delete_Links" time="10.504" classname="Pages_Test.MyProfilePage_Tests"/>
  <system-out/>
  <testcase name="myProfile_FirstName_Validation" time="16.162" classname="Pages_Test.MyProfilePage_Tests"/>
  <system-out/>
  <testcase name="myProfile_PhotoStatus_Description" time="11.829" classname="Pages_Test.MyProfilePage_Tests"/>
  <system-out/>
  <testcase name="myProfile_DisplayName_Validation" time="17.234" classname="Pages_Test.MyProfilePage_Tests"/>
  <system-out/>
  <testcase name="myProfile_LastName_Validation" time="15.023" classname="Pages_Test.MyProfilePage_Tests"/>
  <system-out/>
  <testcase name="myProfile_DisplayName_Functionality" time="13.905" classname="Pages_Test.MyProfilePage_Tests"/>
  <system-out/>
  <testcase name="myProfile_DisplayName_IsEditable" time="11.518" classname="Pages_Test.MyProfilePage_Tests"/>
  <system-out/>
  <testcase name="myProfile_ProfileLink_AddSite_Button_Functionality" time="13.393" classname="Pages_Test.MyProfilePage_Tests"/>
  <system-out/>
  <testcase name="myProfile_Description_IsEditable" time="10.480" classname="Pages_Test.MyProfilePage_Tests"/>
  <system-out/>
  <testcase name="myProfile_FirstName_Functionality" time="13.347" classname="Pages_Test.MyProfilePage_Tests"/>
  <system-out/>
  <testcase name="myProfilePage_Labels_Description" time="14.883" classname="Pages_Test.MyProfilePage_Tests"/>
  <system-out/>
  <testcase name="myProfile_ProfileLink_AddSite_Functionality_InvalidFormat" time="12.446" classname="Pages_Test.MyProfilePage_Tests"/>
  <system-out/>
  <testcase name="myProfile_GrAvatarLink_Visibility" time="11.953" classname="Pages_Test.MyProfilePage_Tests"/>
  <system-out/>
  <testcase name="myProfile_LastName_Functionality" time="12.313" classname="Pages_Test.MyProfilePage_Tests"/>
  <system-out/>
  <testcase name="myProfile_SaveDetailsButton_Functionality_Default" time="11.195" classname="Pages_Test.MyProfilePage_Tests"/>
  <system-out/>
  <testcase name="myProfile_ChangePhotoLink_Enabled" time="11.888" classname="Pages_Test.MyProfilePage_Tests"/>
  <system-out/>
  <testcase name="myProfile_Description_Functionality" time="12.636" classname="Pages_Test.MyProfilePage_Tests"/>
  <system-out/>
  <testcase name="myProfile_SaveDetailsButton_Functionality" time="10.837" classname="Pages_Test.MyProfilePage_Tests"/>
  <system-out/>
  <testcase name="myProfilePage_Labels_LastName" time="12.435" classname="Pages_Test.MyProfilePage_Tests"/>
  <system-out/>
  <testcase name="myProfile_ProfileLink_AddSite_Button_isEnabled" time="11.934" classname="Pages_Test.MyProfilePage_Tests"/>
  <system-out/>
  <testcase name="myProfilePageTitle" time="10.900" classname="Pages_Test.MyProfilePage_Tests"/>
  <system-out/>
  <testcase name="myProfilePage_AllComponents_Visibility" time="11.311" classname="Pages_Test.MyProfilePage_Tests"/>
  <system-out/>
  <testcase name="myProfile_AllButtons_Visiblity" time="27.788" classname="Pages_Test.MyProfilePage_Tests"/>
  <system-out/>
  <testcase name="myProfile_AddSite_Functionality_WithoutData" time="25.654" classname="Pages_Test.MyProfilePage_Tests"/>
  <system-out/>
  <testcase name="myProfile_ProfileLink_AddSite_Functionality" time="13.641" classname="Pages_Test.MyProfilePage_Tests"/>
  <system-out/>
  <testcase name="myProfile_ProfileLink_AddSite_With_ExistingData" time="12.600" classname="Pages_Test.MyProfilePage_Tests"/>
  <system-out/>
  <testcase name="myProfile_ProfileLink_DeleteSite_Functionality" time="42.116" classname="Pages_Test.MyProfilePage_Tests"/>
  <system-out/>
</testsuite> <!-- Pages_Test.MyProfilePage_Tests -->
