<?xml version="1.0" encoding="UTF-8"?>
<!-- Generated by org.testng.reporters.JUnitReportReporter -->
<testsuite skipped="0" hostname="Sans" name="Pages_Test.MyProfilePage_Tests" tests="1" failures="0" timestamp="2021-11-09T13:11:12 IST" time="10.495" errors="0">
  <testcase name="myProfilePage_Labels_Validation" time="10.495" classname="Pages_Test.MyProfilePage_Tests"/>
  <system-out/>
</testsuite> <!-- Pages_Test.MyProfilePage_Tests -->
