<?xml version="1.0" encoding="UTF-8"?>
<!-- Generated by org.testng.reporters.JUnitReportReporter -->
<testsuite skipped="0" hostname="Sans" name="Pages_Test.MyProfilePage_Tests" tests="2" failures="0" timestamp="2021-11-03T16:51:12 IST" time="167.669" errors="0">
  <testcase name="validateMyProfilePage_ProfileLink_Add_URL_AddedSite_Delete_Functionality" time="109.237" classname="Pages_Test.MyProfilePage_Tests"/>
  <system-out/>
  <testcase name="validateMyProfilePage_ProfileLink_Add_URL_AddSite_Button_Functionality_With_Valid_URL_Format_And_Description" time="58.432" classname="Pages_Test.MyProfilePage_Tests"/>
  <system-out/>
</testsuite> <!-- Pages_Test.MyProfilePage_Tests -->
